<?xml version="1.0" encoding="UTF-8"?>
<Site BuildName="Linux-g++"
	BuildStamp="20240330-1130-Experimental"
	Name="timofey-desktop"
	Generator="ctest-3.22.1"
	CompilerName="/usr/bin/g++"
	CompilerVersion="11.4.0"
	OSName="Linux"
	Hostname="timofey-desktop"
	OSRelease="6.5.0-26-generic"
	OSVersion="#26~22.04.1-Ubuntu SMP PREEMPT_DYNAMIC Tue Mar 12 10:22:43 UTC 2"
	OSPlatform="x86_64"
	Is64Bits="1"
	VendorString="AuthenticAMD"
	VendorID="Advanced Micro Devices"
	FamilyID="23"
	ModelID="8"
	ProcessorCacheSize="512"
	NumberOfLogicalCPU="12"
	NumberOfPhysicalCPU="6"
	TotalVirtualMemory="0"
	TotalPhysicalMemory="15907"
	LogicalProcessorsPerPhysical="2"
	ProcessorClockFrequency="3736.07"
	>
	<Testing>
		<StartDateTime>Mar 30 16:33 +05</StartDateTime>
		<StartTestTime>1711798413</StartTestTime>
		<TestList/>
		<EndDateTime>Mar 30 16:33 +05</EndDateTime>
		<EndTestTime>1711798413</EndTestTime>
		<ElapsedMinutes>0</ElapsedMinutes>
	</Testing>
</Site>
